<?xml version="1.0" encoding="UTF-8"?>
<testsuite name="org.example.pingapi.PingApiApplicationTests" tests="1" skipped="0" failures="0" errors="0" timestamp="2024-07-08T11:59:00" hostname="BR0C02FQ44WMD6M" time="0.792">
  <properties/>
  <testcase name="contextLoads()" classname="org.example.pingapi.PingApiApplicationTests" time="0.792"/>
  <system-out><![CDATA[08:58:58.669 [Test worker] INFO org.springframework.test.context.support.AnnotationConfigContextLoaderUtils -- Could not detect default configuration classes for test class [org.example.pingapi.PingApiApplicationTests]: PingApiApplicationTests does not declare any static, non-private, non-final, nested classes annotated with @Configuration.
08:58:58.757 [Test worker] INFO org.springframework.boot.test.context.SpringBootTestContextBootstrapper -- Found @SpringBootConfiguration org.example.pingapi.PingApiApplication for test class org.example.pingapi.PingApiApplicationTests

  .   ____          _            __ _ _
 /\\ / ___'_ __ _ _(_)_ __  __ _ \ \ \ \
( ( )\___ | '_ | '_| | '_ \/ _` | \ \ \ \
 \\/  ___)| |_)| | | | | || (_| |  ) ) ) )
  '  |____| .__|_| |_|_| |_\__, | / / / /
 =========|_|==============|___/=/_/_/_/
 :: Spring Boot ::                (v3.2.5)

2024-07-08T08:58:59.140-03:00  INFO 6541 --- [ping-api] [    Test worker] o.e.pingapi.PingApiApplicationTests      : Starting PingApiApplicationTests using Java 17.0.11 with PID 6541 (started by mssilva in /Users/mssilva/Documents/studies/java-ping-api)
2024-07-08T08:58:59.141-03:00  INFO 6541 --- [ping-api] [    Test worker] o.e.pingapi.PingApiApplicationTests      : No active profile set, falling back to 1 default profile: "default"
2024-07-08T08:59:00.040-03:00  INFO 6541 --- [ping-api] [    Test worker] o.e.pingapi.PingApiApplicationTests      : Started PingApiApplicationTests in 1.129 seconds (process running for 2.123)
]]></system-out>
  <system-err><![CDATA[]]></system-err>
</testsuite>
